2022-01-25T03:49:32.510306514Z The files belonging to this database system will be owned by user "postgres".
2022-01-25T03:49:32.510337342Z This user must also own the server process.
2022-01-25T03:49:32.510340378Z 
2022-01-25T03:49:32.510357510Z The database cluster will be initialized with locale "en_US.utf8".
2022-01-25T03:49:32.510368190Z The default database encoding has accordingly been set to "UTF8".
2022-01-25T03:49:32.510371767Z The default text search configuration will be set to "english".
2022-01-25T03:49:32.510373991Z 
2022-01-25T03:49:32.510375915Z Data page checksums are disabled.
2022-01-25T03:49:32.510379011Z 
2022-01-25T03:49:32.510388609Z fixing permissions on existing directory /var/lib/postgresql/data ... ok
2022-01-25T03:49:32.510700899Z creating subdirectories ... ok
2022-01-25T03:49:32.510758508Z selecting dynamic shared memory implementation ... posix
2022-01-25T03:49:32.518005506Z selecting default max_connections ... 100
2022-01-25T03:49:32.528273543Z selecting default shared_buffers ... 128MB
2022-01-25T03:49:32.537308121Z selecting default time zone ... Etc/UTC
2022-01-25T03:49:32.538448616Z creating configuration files ... ok
2022-01-25T03:49:32.617841068Z running bootstrap script ... ok
2022-01-25T03:49:32.942315185Z performing post-bootstrap initialization ... ok
2022-01-25T03:49:33.299469178Z syncing data to disk ... ok
2022-01-25T03:49:33.299481441Z 
2022-01-25T03:49:33.299486470Z 
2022-01-25T03:49:33.299491129Z Success. You can now start the database server using:
2022-01-25T03:49:33.299494465Z 
2022-01-25T03:49:33.299497531Z     pg_ctl -D /var/lib/postgresql/data -l logfile start
2022-01-25T03:49:33.299500777Z 
2022-01-25T03:49:33.353373664Z waiting for server to start....2022-01-25 03:49:33.353 UTC [47] LOG:  starting PostgreSQL 14.1 (Debian 14.1-1.pgdg110+1) on x86_64-pc-linux-gnu, compiled by gcc (Debian 10.2.1-6) 10.2.1 20210110, 64-bit
2022-01-25T03:49:33.355491216Z 2022-01-25 03:49:33.355 UTC [47] LOG:  listening on Unix socket "/var/run/postgresql/.s.PGSQL.5432"
2022-01-25T03:49:33.363709019Z 2022-01-25 03:49:33.363 UTC [48] LOG:  database system was shut down at 2022-01-25 03:49:32 UTC
2022-01-25T03:49:33.367523749Z 2022-01-25 03:49:33.367 UTC [47] LOG:  database system is ready to accept connections
2022-01-25T03:49:33.430550817Z  done
2022-01-25T03:49:33.430559934Z server started
2022-01-25T03:49:33.464615083Z 
2022-01-25T03:49:33.464626805Z /usr/local/bin/docker-entrypoint.sh: running /docker-entrypoint-initdb.d/init_db.sh
2022-01-25T03:53:55.331593996Z 
2022-01-25T03:53:55.331610518Z PostgreSQL Database directory appears to contain a database; Skipping initialization
2022-01-25T03:53:55.331612912Z 
